<?xml version="1.0" encoding="UTF-8"?>
<testng-results ignored="0" total="1" passed="1" failed="0" skipped="0">
  <reporter-output>
  </reporter-output>
  <suite started-at="2025-04-07T18:12:18 IST" name="Default suite" finished-at="2025-04-07T18:12:32 IST" duration-ms="14025">
    <groups>
    </groups>
    <test started-at="2025-04-07T18:12:18 IST" name="Default test" finished-at="2025-04-07T18:12:32 IST" duration-ms="14025">
      <class name="testscript.HomePageClickTest">
        <test-method is-config="true" signature="initialiseBrowser()[pri:0, instance:testscript.HomePageClickTest@1fa121e2]" started-at="2025-04-07T18:12:18 IST" name="initialiseBrowser" finished-at="2025-04-07T18:12:21 IST" duration-ms="3406" status="PASS">
          <reporter-output>
          </reporter-output>
        </test-method> <!-- initialiseBrowser -->
        <test-method signature="aboutUsPage()[pri:0, instance:testscript.HomePageClickTest@1fa121e2]" started-at="2025-04-07T18:12:21 IST" name="aboutUsPage" finished-at="2025-04-07T18:12:32 IST" duration-ms="10560" status="PASS">
          <reporter-output>
          </reporter-output>
        </test-method> <!-- aboutUsPage -->
        <test-method is-config="true" signature="driverQuitClose()[pri:0, instance:testscript.HomePageClickTest@1fa121e2]" started-at="2025-04-07T18:12:32 IST" name="driverQuitClose" finished-at="2025-04-07T18:12:32 IST" duration-ms="1" status="PASS">
          <reporter-output>
          </reporter-output>
        </test-method> <!-- driverQuitClose -->
      </class> <!-- testscript.HomePageClickTest -->
    </test> <!-- Default test -->
  </suite> <!-- Default suite -->
</testng-results>
